#
# There is insufficient memory for the Java Runtime Environment to continue.
# Native memory allocation (mmap) failed to map 201326592 bytes for G1 virtual space
# Possible reasons:
#   The system is out of physical RAM or swap space
#   The process is running with CompressedOops enabled, and the Java Heap may be blocking the growth of the native heap
# Possible solutions:
#   Reduce memory load on the system
#   Increase physical memory or swap space
#   Check if swap backing store is full
#   Decrease Java heap size (-Xmx/-Xms)
#   Decrease number of Java threads
#   Decrease Java thread stack sizes (-Xss)
#   Set larger code cache with -XX:ReservedCodeCacheSize=
#   JVM is running with Zero Based Compressed Oops mode in which the Java heap is
#     placed in the first 32GB address space. The Java Heap base address is the
#     maximum limit for the native heap growth. Please use -XX:HeapBaseMinAddress
#     to set the Java Heap base and to place the Java Heap above 32GB virtual address.
# This output file may be truncated or incomplete.
#
#  Out of Memory Error (os_windows.cpp:3551), pid=13580, tid=21428
#
# JRE version:  (17.0.15+9) (build )
# Java VM: Java HotSpot(TM) 64-Bit Server VM (17.0.15+9-LTS-241, mixed mode, emulated-client, sharing, tiered, compressed oops, compressed class ptrs, g1 gc, windows-amd64)
# No core dump will be written. Minidumps are not enabled by default on client versions of Windows
#

---------------  S U M M A R Y ------------

Command Line: -XX:TieredStopAtLevel=1 br.com.fadesp.test.pagamento.PagamentoApplication

Host: Intel(R) Core(TM) i5-8250U CPU @ 1.60GHz, 8 cores, 11G,  Windows 11 , 64 bit Build 26100 (10.0.26100.4484)
Time: Sun Aug  3 16:37:50 2025 Hora Padrão de Buenos Aires elapsed time: 0.021263 seconds (0d 0h 0m 0s)

---------------  T H R E A D  ---------------

Current thread (0x0000019cc2a85540):  JavaThread "Unknown thread" [_thread_in_vm, id=21428, stack(0x00000016f1000000,0x00000016f1100000)]

Stack: [0x00000016f1000000,0x00000016f1100000]
Native frames: (J=compiled Java code, j=interpreted, Vv=VM code, C=native code)
V  [jvm.dll+0x67a46a]
V  [jvm.dll+0x7da6ad]
V  [jvm.dll+0x7dbff3]
V  [jvm.dll+0x7dc663]
V  [jvm.dll+0x24523f]
V  [jvm.dll+0x677499]
V  [jvm.dll+0x66c122]
V  [jvm.dll+0x302156]
V  [jvm.dll+0x3096f6]
V  [jvm.dll+0x35a04e]
V  [jvm.dll+0x35a27f]
V  [jvm.dll+0x2d9228]
V  [jvm.dll+0x2da194]
V  [jvm.dll+0x7ace91]
V  [jvm.dll+0x3678b1]
V  [jvm.dll+0x78be69]
V  [jvm.dll+0x3ecc6e]
V  [jvm.dll+0x3ee8a1]
C  [jli.dll+0x5297]
C  [ucrtbase.dll+0x37b0]
C  [KERNEL32.DLL+0x2e8d7]
C  [ntdll.dll+0x3c34c]


---------------  P R O C E S S  ---------------

Threads class SMR info:
_java_thread_list=0x00007ff8bfc58a18, length=0, elements={
}

Java Threads: ( => current thread )

Other Threads:
  0x0000019cc2aeb540 GCTaskThread "GC Thread#0" [stack: 0x00000016f1100000,0x00000016f1200000] [id=20460]
  0x0000019cc2af8ff0 ConcurrentGCThread "G1 Main Marker" [stack: 0x00000016f1200000,0x00000016f1300000] [id=22556]
  0x0000019cc2afb050 ConcurrentGCThread "G1 Conc#0" [stack: 0x00000016f1300000,0x00000016f1400000] [id=21676]

[error occurred during error reporting (printing all threads), id 0xc0000005, EXCEPTION_ACCESS_VIOLATION (0xc0000005) at pc=0x00007ff8bf489d17]

VM state: not at safepoint (not fully initialized)

VM Mutex/Monitor currently owned by a thread:  ([mutex/lock_event])
[0x0000019cc2a85020] Heap_lock - owner thread: 0x0000019cc2a85540

Heap address: 0x0000000741600000, size: 3050 MB, Compressed Oops mode: Zero based, Oop shift amount: 3

CDS archive(s) mapped at: [0x0000000000000000-0x0000000000000000-0x0000000000000000), size 0, SharedBaseAddress: 0x0000000800000000, ArchiveRelocationMode: 1.
Narrow klass base: 0x0000000000000000, Narrow klass shift: 0, Narrow klass range: 0x0

GC Precious Log:
<Empty>

Heap:
 garbage-first heap   total 0K, used 0K [0x0000000741600000, 0x0000000800000000)
  region size 2048K, 0 young (0K), 0 survivors (0K)

[error occurred during error reporting (printing heap information), id 0xc0000005, EXCEPTION_ACCESS_VIOLATION (0xc0000005) at pc=0x00007ff8bf873c09]

GC Heap History (0 events):
No events

Deoptimization events (0 events):
No events

Classes unloaded (0 events):
No events

Classes redefined (0 events):
No events

Internal exceptions (0 events):
No events

VM Operations (0 events):
No events

Events (1 events):
Event: 0.012 Loaded shared library C:\java\jdk-17\bin\java.dll


Dynamic libraries:
0x00007ff68c810000 - 0x00007ff68c820000 	C:\java\jdk-17\bin\java.exe
0x00007ff93f520000 - 0x00007ff93f788000 	C:\WINDOWS\SYSTEM32\ntdll.dll
0x00007ff93d470000 - 0x00007ff93d539000 	C:\WINDOWS\System32\KERNEL32.DLL
0x00007ff93c670000 - 0x00007ff93ca5d000 	C:\WINDOWS\System32\KERNELBASE.dll
0x00007ff93cb20000 - 0x00007ff93cc6b000 	C:\WINDOWS\System32\ucrtbase.dll
0x00007ff928370000 - 0x00007ff928389000 	C:\java\jdk-17\bin\jli.dll
0x00007ff928390000 - 0x00007ff9283ab000 	C:\java\jdk-17\bin\VCRUNTIME140.dll
0x00007ff93e6c0000 - 0x00007ff93e774000 	C:\WINDOWS\System32\ADVAPI32.dll
0x00007ff93d670000 - 0x00007ff93d719000 	C:\WINDOWS\System32\msvcrt.dll
0x00007ff93d3c0000 - 0x00007ff93d466000 	C:\WINDOWS\System32\sechost.dll
0x00007ff93eb90000 - 0x00007ff93eca8000 	C:\WINDOWS\System32\RPCRT4.dll
0x00007ff93d740000 - 0x00007ff93d90c000 	C:\WINDOWS\System32\USER32.dll
0x00007ff927ad0000 - 0x00007ff927d6a000 	C:\WINDOWS\WinSxS\amd64_microsoft.windows.common-controls_6595b64144ccf1df_6.0.26100.4484_none_3e0e6d4ce32ef3b3\COMCTL32.dll
0x00007ff93caf0000 - 0x00007ff93cb17000 	C:\WINDOWS\System32\win32u.dll
0x00007ff93e8f0000 - 0x00007ff93e91b000 	C:\WINDOWS\System32\GDI32.dll
0x00007ff93d000000 - 0x00007ff93d137000 	C:\WINDOWS\System32\gdi32full.dll
0x00007ff9352e0000 - 0x00007ff9352eb000 	C:\WINDOWS\SYSTEM32\VERSION.dll
0x00007ff93cc70000 - 0x00007ff93cd13000 	C:\WINDOWS\System32\msvcp_win.dll
0x00007ff93e790000 - 0x00007ff93e7bf000 	C:\WINDOWS\System32\IMM32.DLL
0x00007ff928360000 - 0x00007ff92836c000 	C:\java\jdk-17\bin\vcruntime140_1.dll
0x00007ff907290000 - 0x00007ff90731e000 	C:\java\jdk-17\bin\msvcp140.dll
0x00007ff8bf1a0000 - 0x00007ff8bfd81000 	C:\java\jdk-17\bin\server\jvm.dll
0x00007ff93db90000 - 0x00007ff93db98000 	C:\WINDOWS\System32\PSAPI.DLL
0x00007ff928940000 - 0x00007ff928975000 	C:\WINDOWS\SYSTEM32\WINMM.dll
0x00007ff927250000 - 0x00007ff92725a000 	C:\WINDOWS\SYSTEM32\WSOCK32.dll
0x00007ff93e800000 - 0x00007ff93e874000 	C:\WINDOWS\System32\WS2_32.dll
0x00007ff93b3a0000 - 0x00007ff93b3bb000 	C:\WINDOWS\SYSTEM32\kernel.appcore.dll
0x00007ff923e20000 - 0x00007ff923e2a000 	C:\java\jdk-17\bin\jimage.dll
0x00007ff931210000 - 0x00007ff931451000 	C:\WINDOWS\SYSTEM32\DBGHELP.DLL
0x00007ff93f150000 - 0x00007ff93f4d6000 	C:\WINDOWS\System32\combase.dll
0x00007ff93d2c0000 - 0x00007ff93d3a0000 	C:\WINDOWS\System32\OLEAUT32.dll
0x00007ff925690000 - 0x00007ff9256d3000 	C:\WINDOWS\SYSTEM32\dbgcore.DLL
0x00007ff93cde0000 - 0x00007ff93ce79000 	C:\WINDOWS\System32\bcryptPrimitives.dll
0x00007ff90ae20000 - 0x00007ff90ae45000 	C:\java\jdk-17\bin\java.dll

dbghelp: loaded successfully - version: 4.0.5 - missing functions: none
symbol engine: initialized successfully - sym options: 0x614 - pdb path: .;C:\java\jdk-17\bin;C:\WINDOWS\SYSTEM32;C:\WINDOWS\WinSxS\amd64_microsoft.windows.common-controls_6595b64144ccf1df_6.0.26100.4484_none_3e0e6d4ce32ef3b3;C:\java\jdk-17\bin\server

VM Arguments:
jvm_args: -XX:TieredStopAtLevel=1 
java_command: br.com.fadesp.test.pagamento.PagamentoApplication
java_class_path (initial): D:\Dev\development\projects_to_study\teste_fadesp\backend\pagamento\target\classes;C:\Users\rodraf83\.m2\repository\org\springframework\boot\spring-boot\3.5.4\spring-boot-3.5.4.jar;C:\Users\rodraf83\.m2\repository\org\springframework\boot\spring-boot-autoconfigure\3.5.4\spring-boot-autoconfigure-3.5.4.jar;C:\Users\rodraf83\.m2\repository\org\apache\logging\log4j\log4j-to-slf4j\2.24.3\log4j-to-slf4j-2.24.3.jar;C:\Users\rodraf83\.m2\repository\org\apache\logging\log4j\log4j-api\2.24.3\log4j-api-2.24.3.jar;C:\Users\rodraf83\.m2\repository\org\slf4j\jul-to-slf4j\2.0.17\jul-to-slf4j-2.0.17.jar;C:\Users\rodraf83\.m2\repository\jakarta\annotation\jakarta.annotation-api\2.1.1\jakarta.annotation-api-2.1.1.jar;C:\Users\rodraf83\.m2\repository\org\yaml\snakeyaml\2.4\snakeyaml-2.4.jar;C:\Users\rodraf83\.m2\repository\org\mongodb\mongodb-driver-sync\5.5.1\mongodb-driver-sync-5.5.1.jar;C:\Users\rodraf83\.m2\repository\org\mongodb\bson\5.5.1\bson-5.5.1.jar;C:\Users\rodraf83\.m2\repository\org\mongodb\mongodb-driver-core\5.5.1\mongodb-driver-core-5.5.1.jar;C:\Users\rodraf83\.m2\repository\org\mongodb\bson-record-codec\5.5.1\bson-record-codec-5.5.1.jar;C:\Users\rodraf83\.m2\repository\org\springframework\data\spring-data-mongodb\4.5.2\spring-data-mongodb-4.5.2.jar;C:\Users\rodraf83\.m2\repository\org\springframework\spring-beans\6.2.9\spring-beans-6.2.9.jar;C:\Users\rodraf83\.m2\repository\org\springframework\spring-expression\6.2.9\spring-expression-6.2.9.jar;C:\Users\rodraf83\.m2\repository\org\springframework\data\spring-data-commons\3.5.2\spring-data-commons-3.5.2.jar;C:\Users\rodraf83\.m2\repository\org\slf4j\slf4j-api\2.0.17\slf4j-api-2.0.17.jar;C:\Users\rodraf83\.m2\repository\com\fasterxml\jackson\core\jackson-databind\2.19.2\jackson-databind-2.19.2.jar;C:\Users\rodraf83\.m2\repository\com\fasterxml\jackson\core\jackson-annotations\2.19.2\jackson-annotations-2.19.2.jar;C:\Users\rodraf83\.m2\repository\com\fasterxml\jackson\core\jackson-core\2.19.
Launcher Type: SUN_STANDARD

[Global flags]
     intx CICompilerCount                          = 4                                         {product} {ergonomic}
     uint ConcGCThreads                            = 2                                         {product} {ergonomic}
     uint G1ConcRefinementThreads                  = 8                                         {product} {ergonomic}
   size_t G1HeapRegionSize                         = 2097152                                   {product} {ergonomic}
    uintx GCDrainStackTargetSize                   = 64                                        {product} {ergonomic}
   size_t InitialHeapSize                          = 201326592                                 {product} {ergonomic}
   size_t MarkStackSize                            = 4194304                                   {product} {ergonomic}
   size_t MaxHeapSize                              = 3198156800                                {product} {ergonomic}
   size_t MinHeapDeltaBytes                        = 2097152                                   {product} {ergonomic}
   size_t MinHeapSize                              = 8388608                                   {product} {ergonomic}
    uintx NonProfiledCodeHeapSize                  = 0                                      {pd product} {ergonomic}
     bool ProfileInterpreter                       = false                                  {pd product} {command line}
    uintx ProfiledCodeHeapSize                     = 0                                      {pd product} {ergonomic}
   size_t SoftMaxHeapSize                          = 3198156800                             {manageable} {ergonomic}
     intx TieredStopAtLevel                        = 1                                         {product} {command line}
     bool UseCompressedClassPointers               = true                           {product lp64_product} {ergonomic}
     bool UseCompressedOops                        = true                           {product lp64_product} {ergonomic}
     bool UseG1GC                                  = true                                      {product} {ergonomic}
     bool UseLargePagesIndividualAllocation        = false                                  {pd product} {ergonomic}

Logging:
Log output configuration:
 #0: stdout all=warning uptime,level,tags
 #1: stderr all=off uptime,level,tags

Environment Variables:
JAVA_HOME=C:\java\jdk-8
PATH=C:\Program Files\PowerShell\7;C:\totvs\CorporeRM\API;C:\java\jdk-8\bin;C:\Program Files (x86)\Common Files\Oracle\Java\java8path;C:\Program Files (x86)\Common Files\Oracle\Java\javapath;C:\Program Files\Oracle Client for Microsoft Tools\;C:\Users\rodraf83\AppData\Roaming\npm;C:\java\jdk-8\jre\bin;C:\java\jdk-11\bin;C:\java\jdk-11\bin;C:\maven-3.6.3\bin;C:\maven-3.6.3\bin;C:\java\jdk-17\bin;C:\gradle-8.0\bin;D:\app\apache-tomcat-9.0.102\bin;C:\Users\rodraf83\AppData\Roaming\npm;C:\Users\rodraf83\AppData\Roaming\npm\node_modules\@angular\cli\bin;C:\Python312\Scripts\;C:\Python312\;C:\WINDOWS\system32;C:\WINDOWS;C:\WINDOWS\System32\Wbem;C:\WINDOWS\System32\WindowsPowerShell\v1.0\;C:\WINDOWS\System32\OpenSSH\;D:\Databases\Oracle\11.2.0\app\oracle\product\11.2.0\server\bin;C:\Program Files (x86)\Microsoft SQL Server\160\Tools\Binn\;C:\Program Files\Microsoft SQL Server\160\Tools\Binn\;C:\Program Files\Microsoft SQL Server\Client SDK\ODBC\170\Tools\Binn\;C:\Program Files\Microsoft SQL Server\160\DTS\Binn\;C:\ProgramData\chocolatey\bin;D:\app\kafka_2.12-3.9.1\bin;C:\Redis\;C:\Program Files\Git\cmd;C:\Program Files (x86)\oh-my-posh\bin;C:\Users\rodraf83\AppData\Local\Programs\Microsoft VS Code;C:\Program Files\Go\bin;C:\Program Files\nodejs\;C:\Program Files\dotnet\;C:\Strawberry\c\bin;C:\Strawberry\perl\site\bin;C:\Strawberry\perl\bin;D:\Databases\PostgreSQL\17\bin;C:\Program Files\Git\bin;C:\Program Files\PowerShell\7\;C:\instantclient_19_27;C:\totvs\CorporeRM\API;C:\Users\rodraf83\AppData\Local\Programs\Python\Python313\Scripts\;C:\Users\rodraf83\AppData\Local\Programs\Python\Python313\;C:\totvs\CorporeRM\API;C:\java\jdk-8\bin;C:\Program Files (x86)\Common Files\Oracle\Java\java8path;C:\Program Files (x86)\Common Files\Oracle\Java\javapath;C:\Program Files\Oracle Client for Microsoft Tools\;C:\Users\rodraf83\AppData\Roaming\npm;C:\java\jdk-8\jre\bin;C:\java\jdk-11\bin;C:\java\jdk-11\bin;C:\maven-3.6.3\bin;C:\maven-3.6.3\bin;C:\java\jdk-17\bin;C:\gradle-8.0\bin;D:\app\a
USERNAME=rodraf83
OS=Windows_NT
PROCESSOR_IDENTIFIER=Intel64 Family 6 Model 142 Stepping 10, GenuineIntel



---------------  S Y S T E M  ---------------

OS:
 Windows 11 , 64 bit Build 26100 (10.0.26100.4484)
OS uptime: 2 days 22:43 hours
Hyper-V role detected

CPU: total 8 (initial active 8) (4 cores per cpu, 2 threads per core) family 6 model 142 stepping 10 microcode 0xea, cx8, cmov, fxsr, ht, mmx, 3dnowpref, sse, sse2, sse3, ssse3, sse4.1, sse4.2, popcnt, lzcnt, tsc, tscinvbit, avx, avx2, aes, erms, clmul, bmi1, bmi2, adx, fma, vzeroupper, clflush, clflushopt, hv

Memory: 4k page, system-wide physical 12197M (745M free)
TotalPageFile size 20197M (AvailPageFile size 115M)
current process WorkingSet (physical memory assigned to process): 12M, peak: 12M
current process commit charge ("private bytes"): 55M, peak: 247M

vm_info: Java HotSpot(TM) 64-Bit Server VM (17.0.15+9-LTS-241) for windows-amd64 JRE (17.0.15+9-LTS-241), built on Feb 20 2025 10:49:54 by "mach5one" with MS VC++ 17.6 (VS2022)

END.
